<?xml version="1.0" encoding="UTF-8"?>
<!-- Generated by org.testng.reporters.JUnitReportReporter -->
<testsuite skipped="0" hostname="LAPTOP-MCMMF3G2" name="applaucnch.Alert_Movement_windows" tests="1" failures="0" timestamp="2020-01-18T12:02:45 IST" time="53.566" errors="0">
  <testcase name="windowhandle" time="53.566" classname="applaucnch.Alert_Movement_windows"/>
</testsuite> <!-- applaucnch.Alert_Movement_windows -->
