<?xml version="1.0" encoding="UTF-8"?>
<!-- Generated by org.testng.reporters.JUnitReportReporter -->
<testsuite skipped="0" hostname="LAPTOP-MCMMF3G2" name="mavenproject.packages.ExtentreportEx1" tests="1" failures="0" timestamp="2020-03-31T22:01:28 IST" time="0.326" errors="0">
  <testcase name="extendreport" time="0.326" classname="mavenproject.packages.ExtentreportEx1"/>
</testsuite> <!-- mavenproject.packages.ExtentreportEx1 -->
