<?xml version="1.0" encoding="UTF-8"?>
<!-- Generated by org.testng.reporters.JUnitReportReporter -->
<testsuite skipped="0" hostname="LAPTOP-MCMMF3G2" name="applaucnch.Laucnch" tests="1" failures="0" timestamp="2020-01-14T22:12:06 IST" time="25.246" errors="0">
  <testcase name="search" time="25.246" classname="applaucnch.Laucnch"/>
</testsuite> <!-- applaucnch.Laucnch -->
