<?xml version="1.0" encoding="UTF-8"?>
<!-- Generated by org.testng.reporters.JUnitReportReporter -->
<testsuite skipped="0" hostname="LAPTOP-MCMMF3G2" name="mavenproject.packages.Screenshots" tests="1" failures="0" timestamp="2020-01-18T19:44:24 IST" time="36.715" errors="0">
  <testcase name="setup" time="36.715" classname="mavenproject.packages.Screenshots"/>
</testsuite> <!-- mavenproject.packages.Screenshots -->
