<?xml version="1.0" encoding="UTF-8"?>
<!-- Generated by org.testng.reporters.JUnitReportReporter -->
<testsuite skipped="0" hostname="LAPTOP-MCMMF3G2" name="mavenproject.packages.ExtentreportEx2" tests="1" failures="0" timestamp="2020-04-18T12:12:54 IST" time="24.063" errors="0">
  <testcase name="initialdemo" time="24.063" classname="mavenproject.packages.ExtentreportEx2"/>
</testsuite> <!-- mavenproject.packages.ExtentreportEx2 -->
