<?xml version="1.0" encoding="UTF-8"?>
<!-- Generated by org.testng.reporters.JUnitReportReporter -->
<testsuite skipped="0" hostname="LAPTOP-MCMMF3G2" name="applaucnch.Autoitex" tests="1" failures="0" timestamp="2020-01-14T22:33:16 IST" time="4.093" errors="0">
  <testcase name="uploadfile" time="4.093" classname="applaucnch.Autoitex"/>
</testsuite> <!-- applaucnch.Autoitex -->
