<?xml version="1.0" encoding="UTF-8"?>
<!-- Generated by org.testng.reporters.JUnitReportReporter -->
<testsuite skipped="0" hostname="LAPTOP-MCMMF3G2" name="applaucnch.Handlingframes" tests="1" failures="0" timestamp="2020-01-18T12:01:25 IST" time="9.705" errors="0">
  <testcase name="setup" time="9.705" classname="applaucnch.Handlingframes"/>
</testsuite> <!-- applaucnch.Handlingframes -->
