<?xml version="1.0" encoding="UTF-8"?>
<!-- Generated by org.testng.reporters.JUnitReportReporter -->
<testsuite skipped="0" hostname="LAPTOP-MCMMF3G2" name="applaucnch.Handling_Movement_Mwindows_Alert" tests="1" failures="0" timestamp="2020-01-16T15:49:01 IST" time="67.524" errors="0">
  <testcase name="handlingbrow" time="67.524" classname="applaucnch.Handling_Movement_Mwindows_Alert"/>
</testsuite> <!-- applaucnch.Handling_Movement_Mwindows_Alert -->
