<?xml version="1.0" encoding="UTF-8"?>
<!-- Generated by org.testng.reporters.JUnitReportReporter -->
<testsuite skipped="0" hostname="LAPTOP-MCMMF3G2" name="rahuleshettyExtentReports.Test1" tests="1" failures="0" timestamp="2020-04-21T21:25:15 IST" time="50.378" errors="0">
  <testcase name="initialdemo" time="50.378" classname="rahuleshettyExtentReports.Test1"/>
</testsuite> <!-- rahuleshettyExtentReports.Test1 -->
