<?xml version="1.0" encoding="UTF-8"?>
<!-- Generated by org.testng.reporters.JUnitReportReporter -->
<testsuite skipped="0" hostname="LAPTOP-MCMMF3G2" name="applaucnch.Actions1" tests="3" failures="0" timestamp="2020-01-10T22:01:56 IST" time="105.480" errors="0">
  <testcase name="dragable" time="32.025" classname="applaucnch.Actions1"/>
  <testcase name="mousemovement1" time="33.970" classname="applaucnch.Actions1"/>
  <testcase name="mousemovement2" time="39.485" classname="applaucnch.Actions1"/>
</testsuite> <!-- applaucnch.Actions1 -->
